{
  "RSpec": {
    "coverage": {
      "/Users/leonwee/Projects/Makers_Academy/Week1/airport_challenge/spec/airport_spec.rb": [
        1,
        null,
        null,
        null,
        null,
        null,
        null,
        null,
        null,
        null,
        null,
        null,
        null,
        1,
        14,
        1,
        13,
        13,
        null,
        null,
        13,
        13,
        null,
        1,
        1,
        1,
        1,
        null,
        null,
        1,
        2,
        null,
        null,
        null,
        1,
        1,
        1,
        null,
        null,
        1,
        1,
        1,
        null,
        null,
        1,
        1,
        1,
        1,
        null,
        null,
        1,
        1,
        1,
        null,
        null,
        null,
        1,
        1,
        1,
        null,
        null,
        1,
        1,
        null,
        null,
        null,
        1,
        1,
        1,
        51,
        2,
        null,
        null,
        null,
        null,
        null,
        null,
        null,
        null,
        null,
        null,
        null,
        null,
        1,
        1,
        null,
        null,
        null,
        null,
        null,
        1,
        null,
        4,
        null,
        1,
        1,
        null,
        null,
        1,
        2,
        null,
        null,
        1,
        2,
        null,
        null,
        null,
        null
      ],
      "/Users/leonwee/Projects/Makers_Academy/Week1/airport_challenge/lib/airport.rb": [
        1,
        1,
        null,
        1,
        1,
        null,
        1,
        null,
        1,
        12,
        12,
        12,
        null,
        null,
        1,
        56,
        null,
        null,
        1,
        56,
        55,
        54,
        null,
        null,
        null,
        1,
        4,
        3,
        2,
        null,
        null,
        1,
        4,
        null,
        null,
        1,
        null,
        1,
        60,
        null,
        null,
        1,
        55,
        null,
        null
      ],
      "/Users/leonwee/Projects/Makers_Academy/Week1/airport_challenge/lib/plane.rb": [
        1,
        null,
        1,
        null,
        null,
        1,
        7,
        null,
        null,
        1,
        3,
        3,
        null,
        null,
        1,
        1,
        1,
        null,
        null,
        1,
        2,
        null,
        null,
        1,
        7,
        null,
        null,
        1,
        2,
        null,
        null,
        null
      ],
      "/Users/leonwee/Projects/Makers_Academy/Week1/airport_challenge/lib/weather.rb": [
        1,
        null,
        1,
        null,
        1,
        1,
        null,
        null
      ],
      "/Users/leonwee/Projects/Makers_Academy/Week1/airport_challenge/spec/plane_spec.rb": [
        1,
        null,
        null,
        null,
        null,
        null,
        null,
        null,
        null,
        null,
        null,
        null,
        null,
        null,
        null,
        null,
        1,
        null,
        1,
        null,
        1,
        null,
        1,
        null,
        1,
        null,
        1,
        null,
        1,
        1,
        1,
        null,
        null,
        null,
        1,
        1,
        1,
        1,
        null,
        null,
        null,
        1,
        1,
        1,
        null,
        null,
        null,
        1,
        1,
        1,
        1,
        null,
        null,
        1,
        1,
        null,
        null,
        1,
        null,
        null,
        1,
        null,
        null,
        1,
        1,
        null,
        null,
        null,
        null
      ],
      "/Users/leonwee/Projects/Makers_Academy/Week1/airport_challenge/spec/weather_spec.rb": [
        1,
        null,
        1,
        1,
        1,
        null,
        null,
        1,
        1,
        null,
        null,
        null,
        null,
        null
      ]
    },
    "timestamp": 1442467182
  }
}
