{
  "RSpec": {
    "coverage": {
      "/Users/leonwee/Projects/Makers_Academy/Week1/airport_challenge/spec/airport_spec.rb": [
        1,
        null,
        1,
        16,
        1,
        15,
        15,
        null,
        null,
        16,
        16,
        null,
        1,
        1,
        1,
        1,
        null,
        null,
        1,
        2,
        null,
        null,
        null,
        1,
        1,
        1,
        null,
        null,
        1,
        1,
        1,
        null,
        null,
        1,
        1,
        1,
        1,
        null,
        null,
        1,
        1,
        1,
        null,
        null,
        null,
        1,
        1,
        1,
        null,
        null,
        1,
        1,
        null,
        null,
        null,
        1,
        1,
        1,
        51,
        2,
        null,
        null,
        null,
        1,
        4,
        null,
        1,
        1,
        null,
        null,
        1,
        2,
        null,
        null,
        1,
        2,
        null,
        null,
        null,
        1,
        4,
        null,
        1,
        1,
        null,
        null,
        1,
        1,
        1,
        null,
        null,
        1,
        1,
        null,
        null,
        null,
        null
      ],
      "/Users/leonwee/Projects/Makers_Academy/Week1/airport_challenge/lib/airport.rb": [
        1,
        1,
        null,
        1,
        1,
        null,
        1,
        null,
        1,
        15,
        15,
        15,
        null,
        null,
        1,
        58,
        null,
        null,
        1,
        58,
        57,
        56,
        null,
        null,
        1,
        5,
        4,
        3,
        null,
        null,
        1,
        5,
        null,
        null,
        1,
        null,
        1,
        63,
        null,
        null,
        1,
        57,
        null,
        null
      ],
      "/Users/leonwee/Projects/Makers_Academy/Week1/airport_challenge/lib/plane.rb": [
        1,
        null,
        1,
        null,
        1,
        7,
        null,
        null,
        1,
        3,
        3,
        null,
        null,
        1,
        1,
        1,
        null,
        null,
        1,
        2,
        null,
        null,
        1,
        7,
        null,
        null,
        1,
        2,
        null,
        null,
        null
      ],
      "/Users/leonwee/Projects/Makers_Academy/Week1/airport_challenge/lib/weather.rb": [
        1,
        null,
        1,
        null,
        1,
        6,
        null,
        null,
        1,
        5,
        null,
        null,
        1,
        0,
        null,
        null,
        null
      ],
      "/Users/leonwee/Projects/Makers_Academy/Week1/airport_challenge/spec/plane_spec.rb": [
        1,
        null,
        1,
        1,
        1,
        1,
        null,
        null,
        null,
        1,
        1,
        1,
        1,
        null,
        null,
        null,
        1,
        1,
        1,
        null,
        null,
        null,
        1,
        1,
        1,
        1,
        null,
        null,
        1,
        1,
        null,
        null,
        1,
        1,
        null,
        null,
        1,
        1,
        null,
        null,
        null,
        null
      ],
      "/Users/leonwee/Projects/Makers_Academy/Week1/airport_challenge/spec/weather_spec.rb": [
        1,
        null,
        1,
        1,
        1,
        null,
        null,
        1,
        1,
        1,
        2,
        1,
        null,
        null,
        1,
        2,
        1,
        null,
        null,
        1,
        2,
        1,
        null,
        null,
        null,
        null,
        1,
        1,
        2,
        1,
        null,
        null,
        1,
        2,
        1,
        null,
        null,
        null,
        null,
        null
      ]
    },
    "timestamp": 1442479546
  }
}
